#
# There is insufficient memory for the Java Runtime Environment to continue.
# Native memory allocation (malloc) failed to allocate 32784 bytes for Chunk::new
# Possible reasons:
#   The system is out of physical RAM or swap space
#   The process is running with CompressedOops enabled, and the Java Heap may be blocking the growth of the native heap
# Possible solutions:
#   Reduce memory load on the system
#   Increase physical memory or swap space
#   Check if swap backing store is full
#   Decrease Java heap size (-Xmx/-Xms)
#   Decrease number of Java threads
#   Decrease Java thread stack sizes (-Xss)
#   Set larger code cache with -XX:ReservedCodeCacheSize=
#   JVM is running with Unscaled Compressed Oops mode in which the Java heap is
#     placed in the first 4GB address space. The Java Heap base address is the
#     maximum limit for the native heap growth. Please use -XX:HeapBaseMinAddress
#     to set the Java Heap base and to place the Java Heap above 4GB virtual address.
# This output file may be truncated or incomplete.
#
#  Out of Memory Error (./src/hotspot/share/memory/arena.cpp:197), pid=41592, tid=32152
#
# JRE version: OpenJDK Runtime Environment (11.0.12+7) (build 11.0.12+7-b1504.28-7817840)
# Java VM: OpenJDK 64-Bit Server VM (11.0.12+7-b1504.28-7817840, mixed mode, tiered, compressed oops, g1 gc, windows-amd64)
# No core dump will be written. Minidumps are not enabled by default on client versions of Windows
#

---------------  S U M M A R Y ------------

Command Line: --add-opens=java.base/java.util=ALL-UNNAMED --add-opens=java.base/java.lang=ALL-UNNAMED --add-opens=java.base/java.lang.invoke=ALL-UNNAMED --add-opens=java.base/java.util=ALL-UNNAMED --add-opens=java.prefs/java.util.prefs=ALL-UNNAMED --add-opens=java.prefs/java.util.prefs=ALL-UNNAMED --add-opens=java.base/java.nio.charset=ALL-UNNAMED --add-opens=java.base/java.net=ALL-UNNAMED --add-opens=java.base/java.util.concurrent.atomic=ALL-UNNAMED -Xmx2048m -Dfile.encoding=UTF-8 -Duser.country=KR -Duser.language=ko -Duser.variant org.gradle.launcher.daemon.bootstrap.GradleDaemon 7.3.3

Host: Intel(R) Core(TM) i7-8565U CPU @ 1.80GHz, 8 cores, 15G,  Windows 10 , 64 bit Build 19041 (10.0.19041.1889)
Time: Mon Oct 10 23:43:20 2022 대한민국 표준시 elapsed time: 21.787356 seconds (0d 0h 0m 21s)

---------------  T H R E A D  ---------------

Current thread (0x0000022263523800):  JavaThread "C2 CompilerThread0" daemon [_thread_in_native, id=32152, stack(0x000000a558e00000,0x000000a558f00000)]


Current CompileTask:
C2:  21787 3420       4       org.gradle.internal.logging.text.AbstractLineChoppingStyledTextOutput::doAppend (43 bytes)

Stack: [0x000000a558e00000,0x000000a558f00000]
Native frames: (J=compiled Java code, j=interpreted, Vv=VM code, C=native code)
V  [jvm.dll+0x5fbcea]
V  [jvm.dll+0x731905]
V  [jvm.dll+0x732f1d]
V  [jvm.dll+0x7335d3]
V  [jvm.dll+0x247bf8]
V  [jvm.dll+0xc018c]
V  [jvm.dll+0xc06cc]
V  [jvm.dll+0xc02cc]
V  [jvm.dll+0x6282e0]
V  [jvm.dll+0x6267b4]
V  [jvm.dll+0x20174f]
V  [jvm.dll+0x1ff71f]
V  [jvm.dll+0x18868c]
V  [jvm.dll+0x20e0d7]
V  [jvm.dll+0x20c901]
V  [jvm.dll+0x6f9b7f]
V  [jvm.dll+0x6f26a5]
V  [jvm.dll+0x5fabf6]
C  [ucrtbase.dll+0x21bb2]
C  [KERNEL32.DLL+0x17034]
C  [ntdll.dll+0x526a1]


---------------  P R O C E S S  ---------------

Threads class SMR info:
_java_thread_list=0x000002226701a600, length=30, elements={
0x000002224877d800, 0x0000022263492800, 0x0000022263495800, 0x00000222634bd000,
0x00000222634be800, 0x00000222634bf800, 0x0000022263523800, 0x0000022263524800,
0x0000022263536800, 0x000002226369a000, 0x0000022265751800, 0x0000022264c87000,
0x000002226661f800, 0x0000022265033000, 0x0000022264939800, 0x0000022265005000,
0x0000022265638800, 0x0000022263b3d000, 0x0000022264cb0000, 0x0000022264cb5000,
0x0000022264cb2800, 0x0000022264cb5800, 0x0000022264cb6800, 0x0000022264cb1000,
0x0000022264cb4000, 0x0000022264cb1800, 0x0000022264cb3000, 0x0000022265ddf800,
0x0000022265dde800, 0x0000022265de4800
}

Java Threads: ( => current thread )
  0x000002224877d800 JavaThread "main" [_thread_blocked, id=27856, stack(0x000000a558200000,0x000000a558300000)]
  0x0000022263492800 JavaThread "Reference Handler" daemon [_thread_blocked, id=37708, stack(0x000000a558900000,0x000000a558a00000)]
  0x0000022263495800 JavaThread "Finalizer" daemon [_thread_blocked, id=15100, stack(0x000000a558a00000,0x000000a558b00000)]
  0x00000222634bd000 JavaThread "Signal Dispatcher" daemon [_thread_blocked, id=34440, stack(0x000000a558b00000,0x000000a558c00000)]
  0x00000222634be800 JavaThread "Attach Listener" daemon [_thread_blocked, id=8612, stack(0x000000a558c00000,0x000000a558d00000)]
  0x00000222634bf800 JavaThread "Service Thread" daemon [_thread_blocked, id=37060, stack(0x000000a558d00000,0x000000a558e00000)]
=>0x0000022263523800 JavaThread "C2 CompilerThread0" daemon [_thread_in_native, id=32152, stack(0x000000a558e00000,0x000000a558f00000)]
  0x0000022263524800 JavaThread "C1 CompilerThread0" daemon [_thread_in_native, id=13748, stack(0x000000a558f00000,0x000000a559000000)]
  0x0000022263536800 JavaThread "Sweeper thread" daemon [_thread_blocked, id=2644, stack(0x000000a559000000,0x000000a559100000)]
  0x000002226369a000 JavaThread "Common-Cleaner" daemon [_thread_blocked, id=37784, stack(0x000000a559100000,0x000000a559200000)]
  0x0000022265751800 JavaThread "Daemon health stats" [_thread_blocked, id=34672, stack(0x000000a559300000,0x000000a559400000)]
  0x0000022264c87000 JavaThread "Incoming local TCP Connector on port 59803" [_thread_in_native, id=40988, stack(0x000000a559900000,0x000000a559a00000)]
  0x000002226661f800 JavaThread "Daemon periodic checks" [_thread_blocked, id=15840, stack(0x000000a559a00000,0x000000a559b00000)]
  0x0000022265033000 JavaThread "Daemon" [_thread_blocked, id=16400, stack(0x000000a559b00000,0x000000a559c00000)]
  0x0000022264939800 JavaThread "Handler for socket connection from /127.0.0.1:59803 to /127.0.0.1:59804" [_thread_in_native, id=49648, stack(0x000000a559c00000,0x000000a559d00000)]
  0x0000022265005000 JavaThread "Cancel handler" [_thread_blocked, id=29480, stack(0x000000a559d00000,0x000000a559e00000)]
  0x0000022265638800 JavaThread "Daemon worker" [_thread_in_vm, id=41576, stack(0x000000a559e00000,0x000000a559f00000)]
  0x0000022263b3d000 JavaThread "Asynchronous log dispatcher for DefaultDaemonConnection: socket connection from /127.0.0.1:59803 to /127.0.0.1:59804" [_thread_blocked, id=26080, stack(0x000000a559f00000,0x000000a55a000000)]
  0x0000022264cb0000 JavaThread "Stdin handler" [_thread_blocked, id=12792, stack(0x000000a55a000000,0x000000a55a100000)]
  0x0000022264cb5000 JavaThread "Daemon client event forwarder" [_thread_blocked, id=26796, stack(0x000000a55a100000,0x000000a55a200000)]
  0x0000022264cb2800 JavaThread "Cache worker for journal cache (C:\Users\gram17\.gradle\caches\journal-1)" [_thread_blocked, id=30724, stack(0x000000a55a200000,0x000000a55a300000)]
  0x0000022264cb5800 JavaThread "File lock request listener" [_thread_in_native, id=19612, stack(0x000000a55a300000,0x000000a55a400000)]
  0x0000022264cb6800 JavaThread "Cache worker for file hash cache (C:\Users\gram17\.gradle\caches\7.3.3\fileHashes)" [_thread_blocked, id=26160, stack(0x000000a55a400000,0x000000a55a500000)]
  0x0000022264cb1000 JavaThread "Cache worker for file hash cache (C:\Users\gram17\AndroidStudioProjects\PingPong\.gradle\7.3.3\fileHashes)" [_thread_blocked, id=11496, stack(0x000000a55a800000,0x000000a55a900000)]
  0x0000022264cb4000 JavaThread "File watcher server" daemon [_thread_in_native, id=17896, stack(0x000000a55aa00000,0x000000a55ab00000)]
  0x0000022264cb1800 JavaThread "File watcher consumer" daemon [_thread_blocked, id=31400, stack(0x000000a55ab00000,0x000000a55ac00000)]
  0x0000022264cb3000 JavaThread "Cache worker for checksums cache (C:\Users\gram17\AndroidStudioProjects\PingPong\.gradle\7.3.3\checksums)" [_thread_blocked, id=9364, stack(0x000000a55a900000,0x000000a55aa00000)]
  0x0000022265ddf800 JavaThread "Cache worker for execution history cache (C:\Users\gram17\.gradle\caches\7.3.3\executionHistory)" [_thread_blocked, id=20284, stack(0x000000a55af00000,0x000000a55b000000)]
  0x0000022265dde800 JavaThread "jar transforms" [_thread_blocked, id=7936, stack(0x000000a55ad00000,0x000000a55ae00000)]
  0x0000022265de4800 JavaThread "Cache worker for file content cache (C:\Users\gram17\.gradle\caches\7.3.3\fileContent)" [_thread_blocked, id=37936, stack(0x000000a55b100000,0x000000a55b200000)]

Other Threads:
  0x000002226348e000 VMThread "VM Thread" [stack: 0x000000a558800000,0x000000a558900000] [id=7368]
  0x00000222636b9800 WatcherThread [stack: 0x000000a559200000,0x000000a559300000] [id=2720]
  0x0000022248797000 GCTaskThread "GC Thread#0" [stack: 0x000000a558300000,0x000000a558400000] [id=33160]
  0x0000022263b23000 GCTaskThread "GC Thread#1" [stack: 0x000000a559400000,0x000000a559500000] [id=35376]
  0x0000022263b8c800 GCTaskThread "GC Thread#2" [stack: 0x000000a559500000,0x000000a559600000] [id=28636]
  0x0000022263ab8800 GCTaskThread "GC Thread#3" [stack: 0x000000a559600000,0x000000a559700000] [id=48664]
  0x0000022263ab9000 GCTaskThread "GC Thread#4" [stack: 0x000000a559700000,0x000000a559800000] [id=45364]
  0x000002226421f800 GCTaskThread "GC Thread#5" [stack: 0x000000a559800000,0x000000a559900000] [id=11764]
  0x000002226456f800 GCTaskThread "GC Thread#6" [stack: 0x000000a55a500000,0x000000a55a600000] [id=49040]
  0x000002226618f800 GCTaskThread "GC Thread#7" [stack: 0x000000a55a600000,0x000000a55a700000] [id=46320]
  0x00000222487c8000 ConcurrentGCThread "G1 Main Marker" [stack: 0x000000a558400000,0x000000a558500000] [id=36660]
  0x00000222487c9800 ConcurrentGCThread "G1 Conc#0" [stack: 0x000000a558500000,0x000000a558600000] [id=38292]
  0x0000022264457800 ConcurrentGCThread "G1 Conc#1" [stack: 0x000000a55a700000,0x000000a55a800000] [id=26132]
  0x000002224885d800 ConcurrentGCThread "G1 Refine#0" [stack: 0x000000a558600000,0x000000a558700000] [id=14448]
  0x0000022262ada800 ConcurrentGCThread "G1 Young RemSet Sampling" [stack: 0x000000a558700000,0x000000a558800000] [id=35044]

Threads with active compile tasks:
C2 CompilerThread0  21864 3420       4       org.gradle.internal.logging.text.AbstractLineChoppingStyledTextOutput::doAppend (43 bytes)
C1 CompilerThread0  21865 3483       3       java.lang.invoke.AbstractValidatingLambdaMetafactory::validateMetafactoryArgs (607 bytes)

VM state:not at safepoint (normal execution)

VM Mutex/Monitor currently owned by a thread: None

OutOfMemory and StackOverflow Exception counts:
OutOfMemoryError java_heap_errors=2
LinkageErrors=57

Heap address: 0x0000000080000000, size: 2048 MB, Compressed Oops mode: 32-bit
Narrow klass base: 0x0000000000000000, Narrow klass shift: 3
Compressed class space size: 1073741824 Address: 0x0000000100000000

Heap:
 garbage-first heap   total 260096K, used 69283K [0x0000000080000000, 0x0000000100000000)
  region size 1024K, 51 young (52224K), 6 survivors (6144K)
 Metaspace       used 39132K, capacity 40122K, committed 40320K, reserved 1083392K
  class space    used 5062K, capacity 5419K, committed 5504K, reserved 1048576K
Heap Regions: E=young(eden), S=young(survivor), O=old, HS=humongous(starts), HC=humongous(continues), CS=collection set, F=free, A=archive, TAMS=top-at-mark-start (previous, next)
|   0|0x0000000080000000, 0x0000000080100000, 0x0000000080100000|100%| O|  |TAMS 0x0000000080100000, 0x0000000080000000| Untracked 
|   1|0x0000000080100000, 0x0000000080200000, 0x0000000080200000|100%| O|  |TAMS 0x0000000080200000, 0x0000000080100000| Untracked 
|   2|0x0000000080200000, 0x0000000080300000, 0x0000000080300000|100%| O|  |TAMS 0x0000000080300000, 0x0000000080200000| Untracked 
|   3|0x0000000080300000, 0x0000000080400000, 0x0000000080400000|100%|HS|  |TAMS 0x0000000080400000, 0x0000000080300000| Complete 
|   4|0x0000000080400000, 0x0000000080500000, 0x0000000080500000|100%|HC|  |TAMS 0x0000000080500000, 0x0000000080400000| Complete 
|   5|0x0000000080500000, 0x0000000080600000, 0x0000000080600000|100%|HC|  |TAMS 0x0000000080600000, 0x0000000080500000| Complete 
|   6|0x0000000080600000, 0x0000000080700000, 0x0000000080700000|100%| O|  |TAMS 0x0000000080700000, 0x0000000080600000| Untracked 
|   7|0x0000000080700000, 0x0000000080800000, 0x0000000080800000|100%| O|  |TAMS 0x0000000080800000, 0x0000000080700000| Untracked 
|   8|0x0000000080800000, 0x0000000080900000, 0x0000000080900000|100%| O|  |TAMS 0x0000000080900000, 0x0000000080800000| Untracked 
|   9|0x0000000080900000, 0x0000000080a00000, 0x0000000080a00000|100%| O|  |TAMS 0x0000000080a00000, 0x0000000080900000| Untracked 
|  10|0x0000000080a00000, 0x0000000080b00000, 0x0000000080b00000|100%| O|  |TAMS 0x0000000080b00000, 0x0000000080a00000| Untracked 
|  11|0x0000000080b00000, 0x0000000080c00000, 0x0000000080c00000|100%| O|  |TAMS 0x0000000080c00000, 0x0000000080b00000| Untracked 
|  12|0x0000000080c00000, 0x0000000080d00000, 0x0000000080d00000|100%| O|  |TAMS 0x0000000080d00000, 0x0000000080c00000| Untracked 
|  13|0x0000000080d00000, 0x0000000080e00000, 0x0000000080e00000|100%| O|  |TAMS 0x0000000080e00000, 0x0000000080d00000| Untracked 
|  14|0x0000000080e00000, 0x0000000080f00000, 0x0000000080f00000|100%| O|  |TAMS 0x0000000080f00000, 0x0000000080e00000| Untracked 
|  15|0x0000000080f00000, 0x0000000081000000, 0x0000000081000000|100%| O|  |TAMS 0x0000000081000000, 0x0000000080f00000| Untracked 
|  16|0x0000000081000000, 0x0000000081060e00, 0x0000000081100000| 37%| O|  |TAMS 0x0000000081060e00, 0x0000000081000000| Untracked 
|  17|0x0000000081100000, 0x0000000081200000, 0x0000000081200000|100%|HS|  |TAMS 0x0000000081100000, 0x0000000081100000| Complete 
|  18|0x0000000081200000, 0x0000000081300000, 0x0000000081300000|100%|HS|  |TAMS 0x0000000081200000, 0x0000000081200000| Complete 
|  19|0x0000000081300000, 0x0000000081400000, 0x0000000081400000|100%|HC|  |TAMS 0x0000000081300000, 0x0000000081300000| Complete 
|  20|0x0000000081400000, 0x0000000081400000, 0x0000000081500000|  0%| F|  |TAMS 0x0000000081400000, 0x0000000081400000| Untracked 
|  21|0x0000000081500000, 0x0000000081500000, 0x0000000081600000|  0%| F|  |TAMS 0x0000000081500000, 0x0000000081500000| Untracked 
|  22|0x0000000081600000, 0x0000000081600000, 0x0000000081700000|  0%| F|  |TAMS 0x0000000081600000, 0x0000000081600000| Untracked 
|  23|0x0000000081700000, 0x0000000081700000, 0x0000000081800000|  0%| F|  |TAMS 0x0000000081700000, 0x0000000081700000| Untracked 
|  24|0x0000000081800000, 0x0000000081800000, 0x0000000081900000|  0%| F|  |TAMS 0x0000000081800000, 0x0000000081800000| Untracked 
|  25|0x0000000081900000, 0x0000000081900000, 0x0000000081a00000|  0%| F|  |TAMS 0x0000000081900000, 0x0000000081900000| Untracked 
|  26|0x0000000081a00000, 0x0000000081a00000, 0x0000000081b00000|  0%| F|  |TAMS 0x0000000081a00000, 0x0000000081a00000| Untracked 
|  27|0x0000000081b00000, 0x0000000081b00000, 0x0000000081c00000|  0%| F|  |TAMS 0x0000000081b00000, 0x0000000081b00000| Untracked 
|  28|0x0000000081c00000, 0x0000000081c00000, 0x0000000081d00000|  0%| F|  |TAMS 0x0000000081c00000, 0x0000000081c00000| Untracked 
|  29|0x0000000081d00000, 0x0000000081d00000, 0x0000000081e00000|  0%| F|  |TAMS 0x0000000081d00000, 0x0000000081d00000| Untracked 
|  30|0x0000000081e00000, 0x0000000081e00000, 0x0000000081f00000|  0%| F|  |TAMS 0x0000000081e00000, 0x0000000081e00000| Untracked 
|  31|0x0000000081f00000, 0x0000000081f00000, 0x0000000082000000|  0%| F|  |TAMS 0x0000000081f00000, 0x0000000081f00000| Untracked 
|  32|0x0000000082000000, 0x0000000082000000, 0x0000000082100000|  0%| F|  |TAMS 0x0000000082000000, 0x0000000082000000| Untracked 
|  33|0x0000000082100000, 0x0000000082100000, 0x0000000082200000|  0%| F|  |TAMS 0x0000000082100000, 0x0000000082100000| Untracked 
|  34|0x0000000082200000, 0x0000000082200000, 0x0000000082300000|  0%| F|  |TAMS 0x0000000082200000, 0x0000000082200000| Untracked 
|  35|0x0000000082300000, 0x0000000082300000, 0x0000000082400000|  0%| F|  |TAMS 0x0000000082300000, 0x0000000082300000| Untracked 
|  36|0x0000000082400000, 0x0000000082400000, 0x0000000082500000|  0%| F|  |TAMS 0x0000000082400000, 0x0000000082400000| Untracked 
|  37|0x0000000082500000, 0x0000000082500000, 0x0000000082600000|  0%| F|  |TAMS 0x0000000082500000, 0x0000000082500000| Untracked 
|  38|0x0000000082600000, 0x0000000082600000, 0x0000000082700000|  0%| F|  |TAMS 0x0000000082600000, 0x0000000082600000| Untracked 
|  39|0x0000000082700000, 0x0000000082700000, 0x0000000082800000|  0%| F|  |TAMS 0x0000000082700000, 0x0000000082700000| Untracked 
|  40|0x0000000082800000, 0x0000000082800000, 0x0000000082900000|  0%| F|  |TAMS 0x0000000082800000, 0x0000000082800000| Untracked 
|  41|0x0000000082900000, 0x0000000082900000, 0x0000000082a00000|  0%| F|  |TAMS 0x0000000082900000, 0x0000000082900000| Untracked 
|  42|0x0000000082a00000, 0x0000000082a00000, 0x0000000082b00000|  0%| F|  |TAMS 0x0000000082a00000, 0x0000000082a00000| Untracked 
|  43|0x0000000082b00000, 0x0000000082b00000, 0x0000000082c00000|  0%| F|  |TAMS 0x0000000082b00000, 0x0000000082b00000| Untracked 
|  44|0x0000000082c00000, 0x0000000082c00000, 0x0000000082d00000|  0%| F|  |TAMS 0x0000000082c00000, 0x0000000082c00000| Untracked 
|  45|0x0000000082d00000, 0x0000000082d00000, 0x0000000082e00000|  0%| F|  |TAMS 0x0000000082d00000, 0x0000000082d00000| Untracked 
|  46|0x0000000082e00000, 0x0000000082e00000, 0x0000000082f00000|  0%| F|  |TAMS 0x0000000082e00000, 0x0000000082e00000| Untracked 
|  47|0x0000000082f00000, 0x0000000082f00000, 0x0000000083000000|  0%| F|  |TAMS 0x0000000082f00000, 0x0000000082f00000| Untracked 
|  48|0x0000000083000000, 0x0000000083000000, 0x0000000083100000|  0%| F|  |TAMS 0x0000000083000000, 0x0000000083000000| Untracked 
|  49|0x0000000083100000, 0x0000000083100000, 0x0000000083200000|  0%| F|  |TAMS 0x0000000083100000, 0x0000000083100000| Untracked 
|  50|0x0000000083200000, 0x0000000083200000, 0x0000000083300000|  0%| F|  |TAMS 0x0000000083200000, 0x0000000083200000| Untracked 
|  51|0x0000000083300000, 0x0000000083300000, 0x0000000083400000|  0%| F|  |TAMS 0x0000000083300000, 0x0000000083300000| Untracked 
|  52|0x0000000083400000, 0x0000000083400000, 0x0000000083500000|  0%| F|  |TAMS 0x0000000083400000, 0x0000000083400000| Untracked 
|  53|0x0000000083500000, 0x0000000083500000, 0x0000000083600000|  0%| F|  |TAMS 0x0000000083500000, 0x0000000083500000| Untracked 
|  54|0x0000000083600000, 0x0000000083600000, 0x0000000083700000|  0%| F|  |TAMS 0x0000000083600000, 0x0000000083600000| Untracked 
|  55|0x0000000083700000, 0x0000000083700000, 0x0000000083800000|  0%| F|  |TAMS 0x0000000083700000, 0x0000000083700000| Untracked 
|  56|0x0000000083800000, 0x0000000083800000, 0x0000000083900000|  0%| F|  |TAMS 0x0000000083800000, 0x0000000083800000| Untracked 
|  57|0x0000000083900000, 0x0000000083900000, 0x0000000083a00000|  0%| F|  |TAMS 0x0000000083900000, 0x0000000083900000| Untracked 
|  58|0x0000000083a00000, 0x0000000083a00000, 0x0000000083b00000|  0%| F|  |TAMS 0x0000000083a00000, 0x0000000083a00000| Untracked 
|  59|0x0000000083b00000, 0x0000000083b00000, 0x0000000083c00000|  0%| F|  |TAMS 0x0000000083b00000, 0x0000000083b00000| Untracked 
|  60|0x0000000083c00000, 0x0000000083c00000, 0x0000000083d00000|  0%| F|  |TAMS 0x0000000083c00000, 0x0000000083c00000| Untracked 
|  61|0x0000000083d00000, 0x0000000083d00000, 0x0000000083e00000|  0%| F|  |TAMS 0x0000000083d00000, 0x0000000083d00000| Untracked 
|  62|0x0000000083e00000, 0x0000000083e00000, 0x0000000083f00000|  0%| F|  |TAMS 0x0000000083e00000, 0x0000000083e00000| Untracked 
|  63|0x0000000083f00000, 0x0000000083f00000, 0x0000000084000000|  0%| F|  |TAMS 0x0000000083f00000, 0x0000000083f00000| Untracked 
|  64|0x0000000084000000, 0x0000000084000000, 0x0000000084100000|  0%| F|  |TAMS 0x0000000084000000, 0x0000000084000000| Untracked 
|  65|0x0000000084100000, 0x0000000084100000, 0x0000000084200000|  0%| F|  |TAMS 0x0000000084100000, 0x0000000084100000| Untracked 
|  66|0x0000000084200000, 0x0000000084200000, 0x0000000084300000|  0%| F|  |TAMS 0x0000000084200000, 0x0000000084200000| Untracked 
|  67|0x0000000084300000, 0x0000000084300000, 0x0000000084400000|  0%| F|  |TAMS 0x0000000084300000, 0x0000000084300000| Untracked 
|  68|0x0000000084400000, 0x0000000084400000, 0x0000000084500000|  0%| F|  |TAMS 0x0000000084400000, 0x0000000084400000| Untracked 
|  69|0x0000000084500000, 0x0000000084500000, 0x0000000084600000|  0%| F|  |TAMS 0x0000000084500000, 0x0000000084500000| Untracked 
|  70|0x0000000084600000, 0x0000000084600000, 0x0000000084700000|  0%| F|  |TAMS 0x0000000084600000, 0x0000000084600000| Untracked 
|  71|0x0000000084700000, 0x0000000084700000, 0x0000000084800000|  0%| F|  |TAMS 0x0000000084700000, 0x0000000084700000| Untracked 
|  72|0x0000000084800000, 0x0000000084800000, 0x0000000084900000|  0%| F|  |TAMS 0x0000000084800000, 0x0000000084800000| Untracked 
|  73|0x0000000084900000, 0x0000000084900000, 0x0000000084a00000|  0%| F|  |TAMS 0x0000000084900000, 0x0000000084900000| Untracked 
|  74|0x0000000084a00000, 0x0000000084a00000, 0x0000000084b00000|  0%| F|  |TAMS 0x0000000084a00000, 0x0000000084a00000| Untracked 
|  75|0x0000000084b00000, 0x0000000084b00000, 0x0000000084c00000|  0%| F|  |TAMS 0x0000000084b00000, 0x0000000084b00000| Untracked 
|  76|0x0000000084c00000, 0x0000000084c00000, 0x0000000084d00000|  0%| F|  |TAMS 0x0000000084c00000, 0x0000000084c00000| Untracked 
|  77|0x0000000084d00000, 0x0000000084d00000, 0x0000000084e00000|  0%| F|  |TAMS 0x0000000084d00000, 0x0000000084d00000| Untracked 
|  78|0x0000000084e00000, 0x0000000084e00000, 0x0000000084f00000|  0%| F|  |TAMS 0x0000000084e00000, 0x0000000084e00000| Untracked 
|  79|0x0000000084f00000, 0x0000000084f00000, 0x0000000085000000|  0%| F|  |TAMS 0x0000000084f00000, 0x0000000084f00000| Untracked 
|  80|0x0000000085000000, 0x0000000085000000, 0x0000000085100000|  0%| F|  |TAMS 0x0000000085000000, 0x0000000085000000| Untracked 
|  81|0x0000000085100000, 0x0000000085100000, 0x0000000085200000|  0%| F|  |TAMS 0x0000000085100000, 0x0000000085100000| Untracked 
|  82|0x0000000085200000, 0x0000000085200000, 0x0000000085300000|  0%| F|  |TAMS 0x0000000085200000, 0x0000000085200000| Untracked 
|  83|0x0000000085300000, 0x0000000085300000, 0x0000000085400000|  0%| F|  |TAMS 0x0000000085300000, 0x0000000085300000| Untracked 
|  84|0x0000000085400000, 0x0000000085400000, 0x0000000085500000|  0%| F|  |TAMS 0x0000000085400000, 0x0000000085400000| Untracked 
|  85|0x0000000085500000, 0x0000000085500000, 0x0000000085600000|  0%| F|  |TAMS 0x0000000085500000, 0x0000000085500000| Untracked 
|  86|0x0000000085600000, 0x0000000085600000, 0x0000000085700000|  0%| F|  |TAMS 0x0000000085600000, 0x0000000085600000| Untracked 
|  87|0x0000000085700000, 0x0000000085700000, 0x0000000085800000|  0%| F|  |TAMS 0x0000000085700000, 0x0000000085700000| Untracked 
|  88|0x0000000085800000, 0x0000000085800000, 0x0000000085900000|  0%| F|  |TAMS 0x0000000085800000, 0x0000000085800000| Untracked 
|  89|0x0000000085900000, 0x0000000085900000, 0x0000000085a00000|  0%| F|  |TAMS 0x0000000085900000, 0x0000000085900000| Untracked 
|  90|0x0000000085a00000, 0x0000000085a00000, 0x0000000085b00000|  0%| F|  |TAMS 0x0000000085a00000, 0x0000000085a00000| Untracked 
|  91|0x0000000085b00000, 0x0000000085b00000, 0x0000000085c00000|  0%| F|  |TAMS 0x0000000085b00000, 0x0000000085b00000| Untracked 
|  92|0x0000000085c00000, 0x0000000085c00000, 0x0000000085d00000|  0%| F|  |TAMS 0x0000000085c00000, 0x0000000085c00000| Untracked 
|  93|0x0000000085d00000, 0x0000000085d00000, 0x0000000085e00000|  0%| F|  |TAMS 0x0000000085d00000, 0x0000000085d00000| Untracked 
|  94|0x0000000085e00000, 0x0000000085e00000, 0x0000000085f00000|  0%| F|  |TAMS 0x0000000085e00000, 0x0000000085e00000| Untracked 
|  95|0x0000000085f00000, 0x0000000085f00000, 0x0000000086000000|  0%| F|  |TAMS 0x0000000085f00000, 0x0000000085f00000| Untracked 
|  96|0x0000000086000000, 0x0000000086000000, 0x0000000086100000|  0%| F|  |TAMS 0x0000000086000000, 0x0000000086000000| Untracked 
|  97|0x0000000086100000, 0x0000000086100000, 0x0000000086200000|  0%| F|  |TAMS 0x0000000086100000, 0x0000000086100000| Untracked 
|  98|0x0000000086200000, 0x0000000086200000, 0x0000000086300000|  0%| F|  |TAMS 0x0000000086200000, 0x0000000086200000| Untracked 
|  99|0x0000000086300000, 0x0000000086300000, 0x0000000086400000|  0%| F|  |TAMS 0x0000000086300000, 0x0000000086300000| Untracked 
| 100|0x0000000086400000, 0x0000000086400000, 0x0000000086500000|  0%| F|  |TAMS 0x0000000086400000, 0x0000000086400000| Untracked 
| 101|0x0000000086500000, 0x0000000086500000, 0x0000000086600000|  0%| F|  |TAMS 0x0000000086500000, 0x0000000086500000| Untracked 
| 102|0x0000000086600000, 0x0000000086600000, 0x0000000086700000|  0%| F|  |TAMS 0x0000000086600000, 0x0000000086600000| Untracked 
| 103|0x0000000086700000, 0x0000000086700000, 0x0000000086800000|  0%| F|  |TAMS 0x0000000086700000, 0x0000000086700000| Untracked 
| 104|0x0000000086800000, 0x0000000086800000, 0x0000000086900000|  0%| F|  |TAMS 0x0000000086800000, 0x0000000086800000| Untracked 
| 105|0x0000000086900000, 0x0000000086900000, 0x0000000086a00000|  0%| F|  |TAMS 0x0000000086900000, 0x0000000086900000| Untracked 
| 106|0x0000000086a00000, 0x0000000086a00000, 0x0000000086b00000|  0%| F|  |TAMS 0x0000000086a00000, 0x0000000086a00000| Untracked 
| 107|0x0000000086b00000, 0x0000000086b00000, 0x0000000086c00000|  0%| F|  |TAMS 0x0000000086b00000, 0x0000000086b00000| Untracked 
| 108|0x0000000086c00000, 0x0000000086c00000, 0x0000000086d00000|  0%| F|  |TAMS 0x0000000086c00000, 0x0000000086c00000| Untracked 
| 109|0x0000000086d00000, 0x0000000086d00000, 0x0000000086e00000|  0%| F|  |TAMS 0x0000000086d00000, 0x0000000086d00000| Untracked 
| 110|0x0000000086e00000, 0x0000000086e00000, 0x0000000086f00000|  0%| F|  |TAMS 0x0000000086e00000, 0x0000000086e00000| Untracked 
| 111|0x0000000086f00000, 0x0000000086f00000, 0x0000000087000000|  0%| F|  |TAMS 0x0000000086f00000, 0x0000000086f00000| Untracked 
| 112|0x0000000087000000, 0x0000000087000000, 0x0000000087100000|  0%| F|  |TAMS 0x0000000087000000, 0x0000000087000000| Untracked 
| 113|0x0000000087100000, 0x0000000087100000, 0x0000000087200000|  0%| F|  |TAMS 0x0000000087100000, 0x0000000087100000| Untracked 
| 114|0x0000000087200000, 0x0000000087200000, 0x0000000087300000|  0%| F|  |TAMS 0x0000000087200000, 0x0000000087200000| Untracked 
| 115|0x0000000087300000, 0x0000000087300000, 0x0000000087400000|  0%| F|  |TAMS 0x0000000087300000, 0x0000000087300000| Untracked 
| 116|0x0000000087400000, 0x0000000087400000, 0x0000000087500000|  0%| F|  |TAMS 0x0000000087400000, 0x0000000087400000| Untracked 
| 117|0x0000000087500000, 0x0000000087500000, 0x0000000087600000|  0%| F|  |TAMS 0x0000000087500000, 0x0000000087500000| Untracked 
| 118|0x0000000087600000, 0x0000000087600000, 0x0000000087700000|  0%| F|  |TAMS 0x0000000087600000, 0x0000000087600000| Untracked 
| 119|0x0000000087700000, 0x0000000087700000, 0x0000000087800000|  0%| F|  |TAMS 0x0000000087700000, 0x0000000087700000| Untracked 
| 120|0x0000000087800000, 0x0000000087800000, 0x0000000087900000|  0%| F|  |TAMS 0x0000000087800000, 0x0000000087800000| Untracked 
| 121|0x0000000087900000, 0x0000000087900000, 0x0000000087a00000|  0%| F|  |TAMS 0x0000000087900000, 0x0000000087900000| Untracked 
| 122|0x0000000087a00000, 0x0000000087a00000, 0x0000000087b00000|  0%| F|  |TAMS 0x0000000087a00000, 0x0000000087a00000| Untracked 
| 123|0x0000000087b00000, 0x0000000087b00000, 0x0000000087c00000|  0%| F|  |TAMS 0x0000000087b00000, 0x0000000087b00000| Untracked 
| 124|0x0000000087c00000, 0x0000000087c00000, 0x0000000087d00000|  0%| F|  |TAMS 0x0000000087c00000, 0x0000000087c00000| Untracked 
| 125|0x0000000087d00000, 0x0000000087d00000, 0x0000000087e00000|  0%| F|  |TAMS 0x0000000087d00000, 0x0000000087d00000| Untracked 
| 126|0x0000000087e00000, 0x0000000087e00000, 0x0000000087f00000|  0%| F|  |TAMS 0x0000000087e00000, 0x0000000087e00000| Untracked 
| 127|0x0000000087f00000, 0x0000000087f00000, 0x0000000088000000|  0%| F|  |TAMS 0x0000000087f00000, 0x0000000087f00000| Untracked 
| 128|0x0000000088000000, 0x0000000088000000, 0x0000000088100000|  0%| F|  |TAMS 0x0000000088000000, 0x0000000088000000| Untracked 
| 129|0x0000000088100000, 0x0000000088100000, 0x0000000088200000|  0%| F|  |TAMS 0x0000000088100000, 0x0000000088100000| Untracked 
| 130|0x0000000088200000, 0x0000000088200000, 0x0000000088300000|  0%| F|  |TAMS 0x0000000088200000, 0x0000000088200000| Untracked 
| 131|0x0000000088300000, 0x0000000088300000, 0x0000000088400000|  0%| F|  |TAMS 0x0000000088300000, 0x0000000088300000| Untracked 
| 132|0x0000000088400000, 0x0000000088400000, 0x0000000088500000|  0%| F|  |TAMS 0x0000000088400000, 0x0000000088400000| Untracked 
| 133|0x0000000088500000, 0x0000000088500000, 0x0000000088600000|  0%| F|  |TAMS 0x0000000088500000, 0x0000000088500000| Untracked 
| 134|0x0000000088600000, 0x0000000088600000, 0x0000000088700000|  0%| F|  |TAMS 0x0000000088600000, 0x0000000088600000| Untracked 
| 135|0x0000000088700000, 0x0000000088700000, 0x0000000088800000|  0%| F|  |TAMS 0x0000000088700000, 0x0000000088700000| Untracked 
| 136|0x0000000088800000, 0x0000000088800000, 0x0000000088900000|  0%| F|  |TAMS 0x0000000088800000, 0x0000000088800000| Untracked 
| 137|0x0000000088900000, 0x0000000088900000, 0x0000000088a00000|  0%| F|  |TAMS 0x0000000088900000, 0x0000000088900000| Untracked 
| 138|0x0000000088a00000, 0x0000000088a00000, 0x0000000088b00000|  0%| F|  |TAMS 0x0000000088a00000, 0x0000000088a00000| Untracked 
| 139|0x0000000088b00000, 0x0000000088b00000, 0x0000000088c00000|  0%| F|  |TAMS 0x0000000088b00000, 0x0000000088b00000| Untracked 
| 140|0x0000000088c00000, 0x0000000088c00000, 0x0000000088d00000|  0%| F|  |TAMS 0x0000000088c00000, 0x0000000088c00000| Untracked 
| 141|0x0000000088d00000, 0x0000000088d00000, 0x0000000088e00000|  0%| F|  |TAMS 0x0000000088d00000, 0x0000000088d00000| Untracked 
| 142|0x0000000088e00000, 0x0000000088e00000, 0x0000000088f00000|  0%| F|  |TAMS 0x0000000088e00000, 0x0000000088e00000| Untracked 
| 143|0x0000000088f00000, 0x0000000088f00000, 0x0000000089000000|  0%| F|  |TAMS 0x0000000088f00000, 0x0000000088f00000| Untracked 
| 144|0x0000000089000000, 0x0000000089000000, 0x0000000089100000|  0%| F|  |TAMS 0x0000000089000000, 0x0000000089000000| Untracked 
| 145|0x0000000089100000, 0x0000000089100000, 0x0000000089200000|  0%| F|  |TAMS 0x0000000089100000, 0x0000000089100000| Untracked 
| 146|0x0000000089200000, 0x0000000089200000, 0x0000000089300000|  0%| F|  |TAMS 0x0000000089200000, 0x0000000089200000| Untracked 
| 147|0x0000000089300000, 0x0000000089300000, 0x0000000089400000|  0%| F|  |TAMS 0x0000000089300000, 0x0000000089300000| Untracked 
| 148|0x0000000089400000, 0x0000000089400000, 0x0000000089500000|  0%| F|  |TAMS 0x0000000089400000, 0x0000000089400000| Untracked 
| 149|0x0000000089500000, 0x0000000089500000, 0x0000000089600000|  0%| F|  |TAMS 0x0000000089500000, 0x0000000089500000| Untracked 
| 150|0x0000000089600000, 0x0000000089600000, 0x0000000089700000|  0%| F|  |TAMS 0x0000000089600000, 0x0000000089600000| Untracked 
| 151|0x0000000089700000, 0x0000000089700000, 0x0000000089800000|  0%| F|  |TAMS 0x0000000089700000, 0x0000000089700000| Untracked 
| 152|0x0000000089800000, 0x0000000089800000, 0x0000000089900000|  0%| F|  |TAMS 0x0000000089800000, 0x0000000089800000| Untracked 
| 153|0x0000000089900000, 0x0000000089900000, 0x0000000089a00000|  0%| F|  |TAMS 0x0000000089900000, 0x0000000089900000| Untracked 
| 154|0x0000000089a00000, 0x0000000089a00000, 0x0000000089b00000|  0%| F|  |TAMS 0x0000000089a00000, 0x0000000089a00000| Untracked 
| 155|0x0000000089b00000, 0x0000000089b00000, 0x0000000089c00000|  0%| F|  |TAMS 0x0000000089b00000, 0x0000000089b00000| Untracked 
| 156|0x0000000089c00000, 0x0000000089c00000, 0x0000000089d00000|  0%| F|  |TAMS 0x0000000089c00000, 0x0000000089c00000| Untracked 
| 157|0x0000000089d00000, 0x0000000089d00000, 0x0000000089e00000|  0%| F|  |TAMS 0x0000000089d00000, 0x0000000089d00000| Untracked 
| 158|0x0000000089e00000, 0x0000000089e00000, 0x0000000089f00000|  0%| F|  |TAMS 0x0000000089e00000, 0x0000000089e00000| Untracked 
| 159|0x0000000089f00000, 0x0000000089f00000, 0x000000008a000000|  0%| F|  |TAMS 0x0000000089f00000, 0x0000000089f00000| Untracked 
| 160|0x000000008a000000, 0x000000008a000000, 0x000000008a100000|  0%| F|  |TAMS 0x000000008a000000, 0x000000008a000000| Untracked 
| 161|0x000000008a100000, 0x000000008a100000, 0x000000008a200000|  0%| F|  |TAMS 0x000000008a100000, 0x000000008a100000| Untracked 
| 162|0x000000008a200000, 0x000000008a200000, 0x000000008a300000|  0%| F|  |TAMS 0x000000008a200000, 0x000000008a200000| Untracked 
| 163|0x000000008a300000, 0x000000008a300000, 0x000000008a400000|  0%| F|  |TAMS 0x000000008a300000, 0x000000008a300000| Untracked 
| 164|0x000000008a400000, 0x000000008a400000, 0x000000008a500000|  0%| F|  |TAMS 0x000000008a400000, 0x000000008a400000| Untracked 
| 165|0x000000008a500000, 0x000000008a500000, 0x000000008a600000|  0%| F|  |TAMS 0x000000008a500000, 0x000000008a500000| Untracked 
| 166|0x000000008a600000, 0x000000008a600000, 0x000000008a700000|  0%| F|  |TAMS 0x000000008a600000, 0x000000008a600000| Untracked 
| 167|0x000000008a700000, 0x000000008a700000, 0x000000008a800000|  0%| F|  |TAMS 0x000000008a700000, 0x000000008a700000| Untracked 
| 168|0x000000008a800000, 0x000000008a800000, 0x000000008a900000|  0%| F|  |TAMS 0x000000008a800000, 0x000000008a800000| Untracked 
| 169|0x000000008a900000, 0x000000008a900000, 0x000000008aa00000|  0%| F|  |TAMS 0x000000008a900000, 0x000000008a900000| Untracked 
| 170|0x000000008aa00000, 0x000000008aa00000, 0x000000008ab00000|  0%| F|  |TAMS 0x000000008aa00000, 0x000000008aa00000| Untracked 
| 171|0x000000008ab00000, 0x000000008ab00000, 0x000000008ac00000|  0%| F|  |TAMS 0x000000008ab00000, 0x000000008ab00000| Untracked 
| 172|0x000000008ac00000, 0x000000008ac00000, 0x000000008ad00000|  0%| F|  |TAMS 0x000000008ac00000, 0x000000008ac00000| Untracked 
| 173|0x000000008ad00000, 0x000000008ad00000, 0x000000008ae00000|  0%| F|  |TAMS 0x000000008ad00000, 0x000000008ad00000| Untracked 
| 174|0x000000008ae00000, 0x000000008ae00000, 0x000000008af00000|  0%| F|  |TAMS 0x000000008ae00000, 0x000000008ae00000| Untracked 
| 175|0x000000008af00000, 0x000000008af00000, 0x000000008b000000|  0%| F|  |TAMS 0x000000008af00000, 0x000000008af00000| Untracked 
| 176|0x000000008b000000, 0x000000008b000000, 0x000000008b100000|  0%| F|  |TAMS 0x000000008b000000, 0x000000008b000000| Untracked 
| 177|0x000000008b100000, 0x000000008b100000, 0x000000008b200000|  0%| F|  |TAMS 0x000000008b100000, 0x000000008b100000| Untracked 
| 178|0x000000008b200000, 0x000000008b200000, 0x000000008b300000|  0%| F|  |TAMS 0x000000008b200000, 0x000000008b200000| Untracked 
| 179|0x000000008b300000, 0x000000008b347f70, 0x000000008b400000| 28%| S|CS|TAMS 0x000000008b300000, 0x000000008b300000| Complete 
| 180|0x000000008b400000, 0x000000008b500000, 0x000000008b500000|100%| S|CS|TAMS 0x000000008b400000, 0x000000008b400000| Complete 
| 181|0x000000008b500000, 0x000000008b600000, 0x000000008b600000|100%| S|CS|TAMS 0x000000008b500000, 0x000000008b500000| Complete 
| 182|0x000000008b600000, 0x000000008b700000, 0x000000008b700000|100%| S|CS|TAMS 0x000000008b600000, 0x000000008b600000| Complete 
| 183|0x000000008b700000, 0x000000008b800000, 0x000000008b800000|100%| S|CS|TAMS 0x000000008b700000, 0x000000008b700000| Complete 
| 184|0x000000008b800000, 0x000000008b900000, 0x000000008b900000|100%| S|CS|TAMS 0x000000008b800000, 0x000000008b800000| Complete 
| 185|0x000000008b900000, 0x000000008b900000, 0x000000008ba00000|  0%| F|  |TAMS 0x000000008b900000, 0x000000008b900000| Untracked 
| 186|0x000000008ba00000, 0x000000008ba00000, 0x000000008bb00000|  0%| F|  |TAMS 0x000000008ba00000, 0x000000008ba00000| Untracked 
| 187|0x000000008bb00000, 0x000000008bb00000, 0x000000008bc00000|  0%| F|  |TAMS 0x000000008bb00000, 0x000000008bb00000| Untracked 
| 188|0x000000008bc00000, 0x000000008bc00000, 0x000000008bd00000|  0%| F|  |TAMS 0x000000008bc00000, 0x000000008bc00000| Untracked 
| 189|0x000000008bd00000, 0x000000008bd00000, 0x000000008be00000|  0%| F|  |TAMS 0x000000008bd00000, 0x000000008bd00000| Untracked 
| 190|0x000000008be00000, 0x000000008be00000, 0x000000008bf00000|  0%| F|  |TAMS 0x000000008be00000, 0x000000008be00000| Untracked 
| 191|0x000000008bf00000, 0x000000008bf00000, 0x000000008c000000|  0%| F|  |TAMS 0x000000008bf00000, 0x000000008bf00000| Untracked 
| 192|0x000000008c000000, 0x000000008c000000, 0x000000008c100000|  0%| F|  |TAMS 0x000000008c000000, 0x000000008c000000| Untracked 
| 193|0x000000008c100000, 0x000000008c100000, 0x000000008c200000|  0%| F|  |TAMS 0x000000008c100000, 0x000000008c100000| Untracked 
| 194|0x000000008c200000, 0x000000008c200000, 0x000000008c300000|  0%| F|  |TAMS 0x000000008c200000, 0x000000008c200000| Untracked 
| 195|0x000000008c300000, 0x000000008c300000, 0x000000008c400000|  0%| F|  |TAMS 0x000000008c300000, 0x000000008c300000| Untracked 
| 196|0x000000008c400000, 0x000000008c400000, 0x000000008c500000|  0%| F|  |TAMS 0x000000008c400000, 0x000000008c400000| Untracked 
| 197|0x000000008c500000, 0x000000008c500000, 0x000000008c600000|  0%| F|  |TAMS 0x000000008c500000, 0x000000008c500000| Untracked 
| 198|0x000000008c600000, 0x000000008c600000, 0x000000008c700000|  0%| F|  |TAMS 0x000000008c600000, 0x000000008c600000| Untracked 
| 199|0x000000008c700000, 0x000000008c700000, 0x000000008c800000|  0%| F|  |TAMS 0x000000008c700000, 0x000000008c700000| Untracked 
| 200|0x000000008c800000, 0x000000008c800000, 0x000000008c900000|  0%| F|  |TAMS 0x000000008c800000, 0x000000008c800000| Untracked 
| 201|0x000000008c900000, 0x000000008c900000, 0x000000008ca00000|  0%| F|  |TAMS 0x000000008c900000, 0x000000008c900000| Untracked 
| 202|0x000000008ca00000, 0x000000008ca00000, 0x000000008cb00000|  0%| F|  |TAMS 0x000000008ca00000, 0x000000008ca00000| Untracked 
| 203|0x000000008cb00000, 0x000000008cb00000, 0x000000008cc00000|  0%| F|  |TAMS 0x000000008cb00000, 0x000000008cb00000| Untracked 
| 204|0x000000008cc00000, 0x000000008cc00000, 0x000000008cd00000|  0%| F|  |TAMS 0x000000008cc00000, 0x000000008cc00000| Untracked 
| 205|0x000000008cd00000, 0x000000008cd00000, 0x000000008ce00000|  0%| F|  |TAMS 0x000000008cd00000, 0x000000008cd00000| Untracked 
| 206|0x000000008ce00000, 0x000000008ce00000, 0x000000008cf00000|  0%| F|  |TAMS 0x000000008ce00000, 0x000000008ce00000| Untracked 
| 207|0x000000008cf00000, 0x000000008cf00000, 0x000000008d000000|  0%| F|  |TAMS 0x000000008cf00000, 0x000000008cf00000| Untracked 
| 208|0x000000008d000000, 0x000000008d080800, 0x000000008d100000| 50%| E|  |TAMS 0x000000008d000000, 0x000000008d000000| Complete 
| 209|0x000000008d100000, 0x000000008d200000, 0x000000008d200000|100%| E|CS|TAMS 0x000000008d100000, 0x000000008d100000| Complete 
| 210|0x000000008d200000, 0x000000008d300000, 0x000000008d300000|100%| E|CS|TAMS 0x000000008d200000, 0x000000008d200000| Complete 
| 211|0x000000008d300000, 0x000000008d400000, 0x000000008d400000|100%| E|CS|TAMS 0x000000008d300000, 0x000000008d300000| Complete 
| 212|0x000000008d400000, 0x000000008d500000, 0x000000008d500000|100%| E|CS|TAMS 0x000000008d400000, 0x000000008d400000| Complete 
| 213|0x000000008d500000, 0x000000008d600000, 0x000000008d600000|100%| E|CS|TAMS 0x000000008d500000, 0x000000008d500000| Complete 
| 214|0x000000008d600000, 0x000000008d700000, 0x000000008d700000|100%| E|CS|TAMS 0x000000008d600000, 0x000000008d600000| Complete 
| 215|0x000000008d700000, 0x000000008d800000, 0x000000008d800000|100%| E|CS|TAMS 0x000000008d700000, 0x000000008d700000| Complete 
| 216|0x000000008d800000, 0x000000008d900000, 0x000000008d900000|100%| E|CS|TAMS 0x000000008d800000, 0x000000008d800000| Complete 
| 217|0x000000008d900000, 0x000000008da00000, 0x000000008da00000|100%| E|CS|TAMS 0x000000008d900000, 0x000000008d900000| Complete 
| 218|0x000000008da00000, 0x000000008db00000, 0x000000008db00000|100%| E|CS|TAMS 0x000000008da00000, 0x000000008da00000| Complete 
| 219|0x000000008db00000, 0x000000008dc00000, 0x000000008dc00000|100%| E|CS|TAMS 0x000000008db00000, 0x000000008db00000| Complete 
| 220|0x000000008dc00000, 0x000000008dd00000, 0x000000008dd00000|100%| E|CS|TAMS 0x000000008dc00000, 0x000000008dc00000| Complete 
| 221|0x000000008dd00000, 0x000000008de00000, 0x000000008de00000|100%| E|CS|TAMS 0x000000008dd00000, 0x000000008dd00000| Complete 
| 222|0x000000008de00000, 0x000000008df00000, 0x000000008df00000|100%| E|CS|TAMS 0x000000008de00000, 0x000000008de00000| Complete 
| 223|0x000000008df00000, 0x000000008e000000, 0x000000008e000000|100%| E|CS|TAMS 0x000000008df00000, 0x000000008df00000| Complete 
| 224|0x000000008e000000, 0x000000008e100000, 0x000000008e100000|100%| E|CS|TAMS 0x000000008e000000, 0x000000008e000000| Complete 
| 225|0x000000008e100000, 0x000000008e200000, 0x000000008e200000|100%| E|CS|TAMS 0x000000008e100000, 0x000000008e100000| Complete 
| 226|0x000000008e200000, 0x000000008e300000, 0x000000008e300000|100%| E|CS|TAMS 0x000000008e200000, 0x000000008e200000| Complete 
| 227|0x000000008e300000, 0x000000008e400000, 0x000000008e400000|100%| E|CS|TAMS 0x000000008e300000, 0x000000008e300000| Complete 
| 228|0x000000008e400000, 0x000000008e500000, 0x000000008e500000|100%| E|CS|TAMS 0x000000008e400000, 0x000000008e400000| Complete 
| 229|0x000000008e500000, 0x000000008e600000, 0x000000008e600000|100%| E|CS|TAMS 0x000000008e500000, 0x000000008e500000| Complete 
| 230|0x000000008e600000, 0x000000008e700000, 0x000000008e700000|100%| E|CS|TAMS 0x000000008e600000, 0x000000008e600000| Complete 
| 231|0x000000008e700000, 0x000000008e800000, 0x000000008e800000|100%| E|CS|TAMS 0x000000008e700000, 0x000000008e700000| Complete 
| 232|0x000000008e800000, 0x000000008e900000, 0x000000008e900000|100%| E|CS|TAMS 0x000000008e800000, 0x000000008e800000| Complete 
| 233|0x000000008e900000, 0x000000008ea00000, 0x000000008ea00000|100%| E|CS|TAMS 0x000000008e900000, 0x000000008e900000| Complete 
| 234|0x000000008ea00000, 0x000000008eb00000, 0x000000008eb00000|100%| E|CS|TAMS 0x000000008ea00000, 0x000000008ea00000| Complete 
| 235|0x000000008eb00000, 0x000000008ec00000, 0x000000008ec00000|100%| E|CS|TAMS 0x000000008eb00000, 0x000000008eb00000| Complete 
| 236|0x000000008ec00000, 0x000000008ed00000, 0x000000008ed00000|100%| E|CS|TAMS 0x000000008ec00000, 0x000000008ec00000| Complete 
| 237|0x000000008ed00000, 0x000000008ee00000, 0x000000008ee00000|100%| E|CS|TAMS 0x000000008ed00000, 0x000000008ed00000| Complete 
| 238|0x000000008ee00000, 0x000000008ef00000, 0x000000008ef00000|100%| E|CS|TAMS 0x000000008ee00000, 0x000000008ee00000| Complete 
| 239|0x000000008ef00000, 0x000000008f000000, 0x000000008f000000|100%| E|CS|TAMS 0x000000008ef00000, 0x000000008ef00000| Complete 
| 240|0x000000008f000000, 0x000000008f100000, 0x000000008f100000|100%| E|CS|TAMS 0x000000008f000000, 0x000000008f000000| Complete 
| 241|0x000000008f100000, 0x000000008f200000, 0x000000008f200000|100%| E|CS|TAMS 0x000000008f100000, 0x000000008f100000| Complete 
| 242|0x000000008f200000, 0x000000008f300000, 0x000000008f300000|100%| E|CS|TAMS 0x000000008f200000, 0x000000008f200000| Complete 
| 243|0x000000008f300000, 0x000000008f400000, 0x000000008f400000|100%| E|CS|TAMS 0x000000008f300000, 0x000000008f300000| Complete 
| 244|0x000000008f400000, 0x000000008f500000, 0x000000008f500000|100%| E|CS|TAMS 0x000000008f400000, 0x000000008f400000| Complete 
| 245|0x000000008f500000, 0x000000008f600000, 0x000000008f600000|100%| E|CS|TAMS 0x000000008f500000, 0x000000008f500000| Complete 
| 246|0x000000008f600000, 0x000000008f700000, 0x000000008f700000|100%| E|  |TAMS 0x000000008f600000, 0x000000008f600000| Complete 
| 247|0x000000008f700000, 0x000000008f800000, 0x000000008f800000|100%| E|CS|TAMS 0x000000008f700000, 0x000000008f700000| Complete 
| 248|0x000000008f800000, 0x000000008f900000, 0x000000008f900000|100%| E|CS|TAMS 0x000000008f800000, 0x000000008f800000| Complete 
| 249|0x000000008f900000, 0x000000008fa00000, 0x000000008fa00000|100%| E|CS|TAMS 0x000000008f900000, 0x000000008f900000| Complete 
| 250|0x000000008fa00000, 0x000000008fb00000, 0x000000008fb00000|100%| E|CS|TAMS 0x000000008fa00000, 0x000000008fa00000| Complete 
| 251|0x000000008fb00000, 0x000000008fc00000, 0x000000008fc00000|100%| E|CS|TAMS 0x000000008fb00000, 0x000000008fb00000| Complete 
| 252|0x000000008fc00000, 0x000000008fd00000, 0x000000008fd00000|100%| E|CS|TAMS 0x000000008fc00000, 0x000000008fc00000| Complete 
| 253|0x000000008fd00000, 0x000000008fe00000, 0x000000008fe00000|100%| E|CS|TAMS 0x000000008fd00000, 0x000000008fd00000| Complete 

Card table byte_map: [0x000002225b9c0000,0x000002225bdc0000] _byte_map_base: 0x000002225b5c0000

Marking Bits (Prev, Next): (CMBitMap*) 0x00000222487bf358, (CMBitMap*) 0x00000222487bf390
 Prev Bits: [0x000002225c1c0000, 0x000002225e1c0000)
 Next Bits: [0x000002225e1c0000, 0x00000222601c0000)

Polling page: 0x0000022246790000

Metaspace:

Usage:
  Non-class:     33.92 MB capacity,    33.31 MB ( 98%) used,   532.02 KB (  2%) free+waste,    95.19 KB ( <1%) overhead. 
      Class:      5.30 MB capacity,     4.95 MB ( 93%) used,   312.64 KB (  6%) free+waste,    46.13 KB ( <1%) overhead. 
       Both:     39.22 MB capacity,    38.25 MB ( 98%) used,   844.66 KB (  2%) free+waste,   141.31 KB ( <1%) overhead. 

Virtual space:
  Non-class space:       34.00 MB reserved,      34.00 MB (100%) committed 
      Class space:        1.00 GB reserved,       5.38 MB ( <1%) committed 
             Both:        1.03 GB reserved,      39.38 MB (  4%) committed 

Chunk freelists:
   Non-Class:  3.00 KB
       Class:  0 bytes
        Both:  3.00 KB

MaxMetaspaceSize: 17179869184.00 GB
CompressedClassSpaceSize: 1.00 GB
Initial GC threshold: 20.80 MB
Current GC threshold: 58.54 MB
CDS: off

CodeHeap 'non-profiled nmethods': size=120000Kb used=1782Kb max_used=1782Kb free=118217Kb
 bounds [0x0000022253d60000, 0x0000022253fd0000, 0x000002225b290000]
CodeHeap 'profiled nmethods': size=120000Kb used=7250Kb max_used=7250Kb free=112749Kb
 bounds [0x000002224c830000, 0x000002224cf50000, 0x0000022253d60000]
CodeHeap 'non-nmethods': size=5760Kb used=1590Kb max_used=1637Kb free=4169Kb
 bounds [0x000002224c290000, 0x000002224c500000, 0x000002224c830000]
 total_blobs=4100 nmethods=3472 adapters=540
 compilation: enabled
              stopped_count=0, restarted_count=0
 full_count=0

Compilation events (20 events):
Event: 21.777 Thread 0x0000022263524800 nmethod 3417 0x000002224cf2ec10 code [0x000002224cf2ede0, 0x000002224cf2ef88]
Event: 21.777 Thread 0x0000022263524800 3424       1       org.gradle.internal.operations.BuildOperationDescriptor::getId (5 bytes)
Event: 21.777 Thread 0x0000022263524800 nmethod 3424 0x0000022253f19890 code [0x0000022253f19a40, 0x0000022253f19af8]
Event: 21.777 Thread 0x0000022263524800 3425       3       java.util.concurrent.ConcurrentHashMap::containsKey (14 bytes)
Event: 21.777 Thread 0x0000022263524800 nmethod 3425 0x000002224cf2f090 code [0x000002224cf2f240, 0x000002224cf2f3e8]
Event: 21.777 Thread 0x0000022263524800 3426       3       org.gradle.internal.operations.OperationIdentifier::hashCode (14 bytes)
Event: 21.777 Thread 0x0000022263524800 nmethod 3426 0x000002224cf2f490 code [0x000002224cf2f640, 0x000002224cf2f758]
Event: 21.778 Thread 0x0000022263524800 3427   !   3       org.gradle.internal.event.AbstractBroadcastDispatch::dispatch (191 bytes)
Event: 21.779 Thread 0x0000022263524800 nmethod 3427 0x000002224cf2f810 code [0x000002224cf2fba0, 0x000002224cf31798]
Event: 21.779 Thread 0x0000022263524800 3429       3       org.gradle.internal.logging.text.AbstractLineChoppingStyledTextOutput$3::execute (9 bytes)
Event: 21.780 Thread 0x0000022263524800 nmethod 3429 0x000002224cf31e90 code [0x000002224cf32060, 0x000002224cf32288]
Event: 21.780 Thread 0x0000022263524800 3430       1       org.gradle.launcher.daemon.server.exec.LogToClient::access$100 (5 bytes)
Event: 21.780 Thread 0x0000022263524800 nmethod 3430 0x0000022253f19b90 code [0x0000022253f19d40, 0x0000022253f19dd8]
Event: 21.780 Thread 0x0000022263524800 3428       3       org.gradle.internal.logging.text.AbstractLineChoppingStyledTextOutput$SeenFromEol::add (18 bytes)
Event: 21.780 Thread 0x0000022263524800 nmethod 3428 0x000002224cf32390 code [0x000002224cf32540, 0x000002224cf32678]
Event: 21.780 Thread 0x0000022263524800 3431       3       org.gradle.internal.operations.DefaultBuildOperationListenerManager$ProgressShieldingBuildOperationListener::progress (25 bytes)
Event: 21.780 Thread 0x0000022263524800 nmethod 3431 0x000002224cf32790 code [0x000002224cf32960, 0x000002224cf32c38]
Event: 21.780 Thread 0x0000022263524800 3432       3       org.gradle.internal.logging.events.OutputEvent::<init> (5 bytes)
Event: 21.780 Thread 0x0000022263524800 nmethod 3432 0x000002224cf32d90 code [0x000002224cf32f40, 0x000002224cf33098]
Event: 21.782 Thread 0x0000022263524800 3433       3       org.gradle.internal.dispatch.ProxyDispatchAdapter$DispatchingInvocationHandler::invoke (184 bytes)

GC Heap History (8 events):
Event: 1.956 GC heap before
{Heap before GC invocations=0 (full 0):
 garbage-first heap   total 260096K, used 29696K [0x0000000080000000, 0x0000000100000000)
  region size 1024K, 24 young (24576K), 0 survivors (0K)
 Metaspace       used 10172K, capacity 10403K, committed 10624K, reserved 1058816K
  class space    used 1063K, capacity 1106K, committed 1152K, reserved 1048576K
}
Event: 1.964 GC heap after
{Heap after GC invocations=1 (full 0):
 garbage-first heap   total 260096K, used 9422K [0x0000000080000000, 0x0000000100000000)
  region size 1024K, 3 young (3072K), 3 survivors (3072K)
 Metaspace       used 10172K, capacity 10403K, committed 10624K, reserved 1058816K
  class space    used 1063K, capacity 1106K, committed 1152K, reserved 1048576K
}
Event: 10.973 GC heap before
{Heap before GC invocations=1 (full 0):
 garbage-first heap   total 260096K, used 111822K [0x0000000080000000, 0x0000000100000000)
  region size 1024K, 104 young (106496K), 3 survivors (3072K)
 Metaspace       used 20628K, capacity 21085K, committed 21248K, reserved 1067008K
  class space    used 2540K, capacity 2712K, committed 2816K, reserved 1048576K
}
Event: 10.985 GC heap after
{Heap after GC invocations=2 (full 0):
 garbage-first heap   total 260096K, used 16798K [0x0000000080000000, 0x0000000100000000)
  region size 1024K, 11 young (11264K), 11 survivors (11264K)
 Metaspace       used 20628K, capacity 21085K, committed 21248K, reserved 1067008K
  class space    used 2540K, capacity 2712K, committed 2816K, reserved 1048576K
}
Event: 12.510 GC heap before
{Heap before GC invocations=3 (full 0):
 garbage-first heap   total 260096K, used 62878K [0x0000000080000000, 0x0000000100000000)
  region size 1024K, 56 young (57344K), 11 survivors (11264K)
 Metaspace       used 25386K, capacity 26011K, committed 26112K, reserved 1071104K
  class space    used 3266K, capacity 3486K, committed 3584K, reserved 1048576K
}
Event: 12.522 GC heap after
{Heap after GC invocations=4 (full 0):
 garbage-first heap   total 260096K, used 18961K [0x0000000080000000, 0x0000000100000000)
  region size 1024K, 3 young (3072K), 3 survivors (3072K)
 Metaspace       used 25386K, capacity 26011K, committed 26112K, reserved 1071104K
  class space    used 3266K, capacity 3486K, committed 3584K, reserved 1048576K
}
Event: 14.983 GC heap before
{Heap before GC invocations=4 (full 0):
 garbage-first heap   total 260096K, used 85521K [0x0000000080000000, 0x0000000100000000)
  region size 1024K, 69 young (70656K), 3 survivors (3072K)
 Metaspace       used 34930K, capacity 35727K, committed 35840K, reserved 1081344K
  class space    used 4531K, capacity 4839K, committed 4864K, reserved 1048576K
}
Event: 15.004 GC heap after
{Heap after GC invocations=5 (full 0):
 garbage-first heap   total 260096K, used 22179K [0x0000000080000000, 0x0000000100000000)
  region size 1024K, 6 young (6144K), 6 survivors (6144K)
 Metaspace       used 34930K, capacity 35727K, committed 35840K, reserved 1081344K
  class space    used 4531K, capacity 4839K, committed 4864K, reserved 1048576K
}

Deoptimization events (20 events):
Event: 21.714 Thread 0x0000022265638800 Uncommon trap: trap_request=0xffffffc6 fr.pc=0x0000022253f128d0 relative=0x00000000000008f0
Event: 21.714 Thread 0x0000022265638800 Uncommon trap: reason=bimorphic_or_optimized_type_check action=maybe_recompile pc=0x0000022253f128d0 method=java.lang.Throwable.<init>(Ljava/lang/String;Ljava/lang/Throwable;)V @ 24 c2
Event: 21.714 Thread 0x0000022265638800 DEOPT PACKING pc=0x0000022253f128d0 sp=0x000000a559efa840
Event: 21.714 Thread 0x0000022265638800 DEOPT UNPACKING pc=0x000002224c2da1af sp=0x000000a559efa7b0 mode 2
Event: 21.737 Thread 0x0000022265638800 Uncommon trap: trap_request=0xffffffc6 fr.pc=0x0000022253f1643c relative=0x000000000000063c
Event: 21.737 Thread 0x0000022265638800 Uncommon trap: reason=bimorphic_or_optimized_type_check action=maybe_recompile pc=0x0000022253f1643c method=java.util.regex.Pattern$Start.match(Ljava/util/regex/Matcher;ILjava/lang/CharSequence;)Z @ 44 c2
Event: 21.737 Thread 0x0000022265638800 DEOPT PACKING pc=0x0000022253f1643c sp=0x000000a559efbd20
Event: 21.737 Thread 0x0000022265638800 DEOPT UNPACKING pc=0x000002224c2da1af sp=0x000000a559efbd00 mode 2
Event: 21.737 Thread 0x0000022265638800 Uncommon trap: trap_request=0xffffffc6 fr.pc=0x0000022253f1643c relative=0x000000000000063c
Event: 21.737 Thread 0x0000022265638800 Uncommon trap: reason=bimorphic_or_optimized_type_check action=maybe_recompile pc=0x0000022253f1643c method=java.util.regex.Pattern$Start.match(Ljava/util/regex/Matcher;ILjava/lang/CharSequence;)Z @ 44 c2
Event: 21.737 Thread 0x0000022265638800 DEOPT PACKING pc=0x0000022253f1643c sp=0x000000a559efbd20
Event: 21.737 Thread 0x0000022265638800 DEOPT UNPACKING pc=0x000002224c2da1af sp=0x000000a559efbd00 mode 2
Event: 21.737 Thread 0x0000022265638800 Uncommon trap: trap_request=0xffffffc6 fr.pc=0x0000022253f1643c relative=0x000000000000063c
Event: 21.737 Thread 0x0000022265638800 Uncommon trap: reason=bimorphic_or_optimized_type_check action=maybe_recompile pc=0x0000022253f1643c method=java.util.regex.Pattern$Start.match(Ljava/util/regex/Matcher;ILjava/lang/CharSequence;)Z @ 44 c2
Event: 21.737 Thread 0x0000022265638800 DEOPT PACKING pc=0x0000022253f1643c sp=0x000000a559efbd20
Event: 21.737 Thread 0x0000022265638800 DEOPT UNPACKING pc=0x000002224c2da1af sp=0x000000a559efbd00 mode 2
Event: 21.737 Thread 0x0000022265638800 Uncommon trap: trap_request=0xffffffc6 fr.pc=0x0000022253f1643c relative=0x000000000000063c
Event: 21.737 Thread 0x0000022265638800 Uncommon trap: reason=bimorphic_or_optimized_type_check action=maybe_recompile pc=0x0000022253f1643c method=java.util.regex.Pattern$Start.match(Ljava/util/regex/Matcher;ILjava/lang/CharSequence;)Z @ 44 c2
Event: 21.737 Thread 0x0000022265638800 DEOPT PACKING pc=0x0000022253f1643c sp=0x000000a559efbd20
Event: 21.737 Thread 0x0000022265638800 DEOPT UNPACKING pc=0x000002224c2da1af sp=0x000000a559efbd00 mode 2

Classes redefined (0 events):
No events

Internal exceptions (20 events):
Event: 21.520 Thread 0x0000022265638800 Exception <a 'java/lang/ClassNotFoundException'{0x000000008d99cf00}: settings_drvxjumx4tboseuvvab6c8lt1BeanInfo> (0x000000008d99cf00) thrown at [./src/hotspot/share/classfile/systemDictionary.cpp, line 231]
Event: 21.521 Thread 0x0000022265638800 Exception <a 'java/lang/ClassNotFoundException'{0x000000008d9b1da8}: org/gradle/initialization/SettingsScriptBeanInfo> (0x000000008d9b1da8) thrown at [./src/hotspot/share/classfile/systemDictionary.cpp, line 231]
Event: 21.522 Thread 0x0000022265638800 Exception <a 'java/lang/ClassNotFoundException'{0x000000008d9c8d18}: org/gradle/plugin/use/internal/PluginsAwareScriptBeanInfo> (0x000000008d9c8d18) thrown at [./src/hotspot/share/classfile/systemDictionary.cpp, line 231]
Event: 21.522 Thread 0x0000022265638800 Exception <a 'java/lang/ClassNotFoundException'{0x000000008d9debf8}: org/gradle/groovy/scripts/DefaultScriptBeanInfo> (0x000000008d9debf8) thrown at [./src/hotspot/share/classfile/systemDictionary.cpp, line 231]
Event: 21.523 Thread 0x0000022265638800 Exception <a 'java/lang/ClassNotFoundException'{0x000000008d9f4bb8}: org/gradle/groovy/scripts/BasicScriptBeanInfo> (0x000000008d9f4bb8) thrown at [./src/hotspot/share/classfile/systemDictionary.cpp, line 231]
Event: 21.524 Thread 0x0000022265638800 Exception <a 'java/lang/ClassNotFoundException'{0x000000008d809f08}: org/gradle/groovy/scripts/ScriptBeanInfo> (0x000000008d809f08) thrown at [./src/hotspot/share/classfile/systemDictionary.cpp, line 231]
Event: 21.525 Thread 0x0000022265638800 Exception <a 'java/lang/ClassNotFoundException'{0x000000008d82a980}: groovy/lang/ScriptBeanInfo> (0x000000008d82a980) thrown at [./src/hotspot/share/classfile/systemDictionary.cpp, line 231]
Event: 21.525 Thread 0x0000022265638800 Exception <a 'java/lang/ClassNotFoundException'{0x000000008d84bbf8}: groovy/lang/ScriptCustomizer> (0x000000008d84bbf8) thrown at [./src/hotspot/share/classfile/systemDictionary.cpp, line 231]
Event: 21.527 Thread 0x0000022265638800 Exception <a 'java/lang/ClassNotFoundException'{0x000000008d868b80}: org/gradle/groovy/scripts/ScriptCustomizer> (0x000000008d868b80) thrown at [./src/hotspot/share/classfile/systemDictionary.cpp, line 231]
Event: 21.529 Thread 0x0000022265638800 Exception <a 'java/lang/ClassNotFoundException'{0x000000008d8859c0}: org/gradle/groovy/scripts/BasicScriptCustomizer> (0x000000008d8859c0) thrown at [./src/hotspot/share/classfile/systemDictionary.cpp, line 231]
Event: 21.531 Thread 0x0000022265638800 Exception <a 'java/lang/ClassNotFoundException'{0x000000008d8a8118}: org/gradle/groovy/scripts/DefaultScriptCustomizer> (0x000000008d8a8118) thrown at [./src/hotspot/share/classfile/systemDictionary.cpp, line 231]
Event: 21.541 Thread 0x0000022265638800 Exception <a 'java/lang/ClassNotFoundException'{0x000000008d8f6e10}: org/gradle/plugin/use/internal/PluginsAwareScriptCustomizer> (0x000000008d8f6e10) thrown at [./src/hotspot/share/classfile/systemDictionary.cpp, line 231]
Event: 21.542 Thread 0x0000022265638800 Exception <a 'java/lang/ClassNotFoundException'{0x000000008d714a48}: org/gradle/initialization/SettingsScriptCustomizer> (0x000000008d714a48) thrown at [./src/hotspot/share/classfile/systemDictionary.cpp, line 231]
Event: 21.543 Thread 0x0000022265638800 Exception <a 'java/lang/ClassNotFoundException'{0x000000008d7278d8}: settings_drvxjumx4tboseuvvab6c8lt1Customizer> (0x000000008d7278d8) thrown at [./src/hotspot/share/classfile/systemDictionary.cpp, line 231]
Event: 21.673 Thread 0x0000022265638800 Exception <a 'java/lang/ClassNotFoundException'{0x000000008d6312d8}: groovy/lang/Closure$1BeanInfo> (0x000000008d6312d8) thrown at [./src/hotspot/share/classfile/systemDictionary.cpp, line 231]
Event: 21.674 Thread 0x0000022265638800 Exception <a 'java/lang/ClassNotFoundException'{0x000000008d663a08}: groovy/lang/ClosureBeanInfo> (0x000000008d663a08) thrown at [./src/hotspot/share/classfile/systemDictionary.cpp, line 231]
Event: 21.674 Thread 0x0000022265638800 Exception <a 'java/lang/ClassNotFoundException'{0x000000008d696420}: groovy/lang/ClosureCustomizer> (0x000000008d696420) thrown at [./src/hotspot/share/classfile/systemDictionary.cpp, line 231]
Event: 21.678 Thread 0x0000022265638800 Exception <a 'java/lang/ClassNotFoundException'{0x000000008d6ebb18}: groovy/lang/Closure$1Customizer> (0x000000008d6ebb18) thrown at [./src/hotspot/share/classfile/systemDictionary.cpp, line 231]
Event: 21.713 Thread 0x0000022265638800 Exception <a 'java/lang/OutOfMemoryError'{0x000000008d5fd3c8}> (0x000000008d5fd3c8) thrown at [./src/hotspot/share/prims/jni.cpp, line 636]
Event: 21.713 Thread 0x0000022265638800 Exception <a 'java/lang/OutOfMemoryError'{0x000000008d5fd3c8}> (0x000000008d5fd3c8) thrown at [./src/hotspot/share/prims/jvm.cpp, line 1310]

Events (20 events):
Event: 21.759 loading class org/apache/commons/lang/text/StrBuilder
Event: 21.759 loading class org/apache/commons/lang/text/StrBuilder done
Event: 21.764 loading class java/lang/StringIndexOutOfBoundsException
Event: 21.764 loading class java/lang/StringIndexOutOfBoundsException done
Event: 21.764 loading class org/apache/commons/lang/text/StrTokenizer
Event: 21.764 loading class org/apache/commons/lang/text/StrTokenizer done
Event: 21.769 loading class org/apache/commons/lang/text/StrBuilder$StrBuilderTokenizer
Event: 21.769 loading class org/apache/commons/lang/text/StrBuilder$StrBuilderTokenizer done
Event: 21.769 loading class org/apache/commons/lang/text/StrBuilder$StrBuilderWriter
Event: 21.769 loading class org/apache/commons/lang/text/StrBuilder$StrBuilderWriter done
Event: 21.770 loading class org/apache/commons/lang/text/StrBuilder$StrBuilderReader
Event: 21.770 loading class org/apache/commons/lang/text/StrBuilder$StrBuilderReader done
Event: 21.772 loading class java/lang/Throwable$WrappedPrintWriter
Event: 21.772 loading class java/lang/Throwable$PrintStreamOrWriter
Event: 21.772 loading class java/lang/Throwable$PrintStreamOrWriter done
Event: 21.772 loading class java/lang/Throwable$WrappedPrintWriter done
Event: 21.773 loading class org/gradle/internal/logging/events/StyledTextOutputEvent$Span
Event: 21.773 loading class org/gradle/internal/logging/events/StyledTextOutputEvent$Span done
Event: 21.773 loading class org/gradle/internal/logging/events/operations/StyledTextBuildOperationProgressDetails$Span
Event: 21.773 loading class org/gradle/internal/logging/events/operations/StyledTextBuildOperationProgressDetails$Span done


Dynamic libraries:
0x00007ff6de4f0000 - 0x00007ff6de4fa000 	C:\Program Files\Android\Android Studio7\jre\bin\java.exe
0x00007fffad810000 - 0x00007fffada08000 	C:\WINDOWS\SYSTEM32\ntdll.dll
0x00007fffabf60000 - 0x00007fffac01d000 	C:\WINDOWS\System32\KERNEL32.DLL
0x00007fffab230000 - 0x00007fffab4fe000 	C:\WINDOWS\System32\KERNELBASE.dll
0x00007fffab700000 - 0x00007fffab800000 	C:\WINDOWS\System32\ucrtbase.dll
0x00007fff926d0000 - 0x00007fff926e9000 	C:\Program Files\Android\Android Studio7\jre\bin\jli.dll
0x00007fffac150000 - 0x00007fffac2f0000 	C:\WINDOWS\System32\USER32.dll
0x00007fffab200000 - 0x00007fffab222000 	C:\WINDOWS\System32\win32u.dll
0x00007fffad6e0000 - 0x00007fffad70a000 	C:\WINDOWS\System32\GDI32.dll
0x00007fffab5f0000 - 0x00007fffab6fb000 	C:\WINDOWS\System32\gdi32full.dll
0x00007fff97c40000 - 0x00007fff97eda000 	C:\WINDOWS\WinSxS\amd64_microsoft.windows.common-controls_6595b64144ccf1df_6.0.19041.1110_none_60b5254171f9507e\COMCTL32.dll
0x00007fffac350000 - 0x00007fffac3ee000 	C:\WINDOWS\System32\msvcrt.dll
0x00007fffab500000 - 0x00007fffab59d000 	C:\WINDOWS\System32\msvcp_win.dll
0x00007fff87820000 - 0x00007fff87837000 	C:\Program Files\Android\Android Studio7\jre\bin\VCRUNTIME140.dll
0x00007fffad050000 - 0x00007fffad080000 	C:\WINDOWS\System32\IMM32.DLL
0x00007fff80f80000 - 0x00007fff8101d000 	C:\Program Files\Android\Android Studio7\jre\bin\msvcp140.dll
0x00007fff42dd0000 - 0x00007fff438b5000 	C:\Program Files\Android\Android Studio7\jre\bin\server\jvm.dll
0x00007fffaccd0000 - 0x00007fffacd7e000 	C:\WINDOWS\System32\ADVAPI32.dll
0x00007fffad730000 - 0x00007fffad7cc000 	C:\WINDOWS\System32\sechost.dll
0x00007fffacf20000 - 0x00007fffad045000 	C:\WINDOWS\System32\RPCRT4.dll
0x00007fffad230000 - 0x00007fffad238000 	C:\WINDOWS\System32\PSAPI.DLL
0x00007fff933e0000 - 0x00007fff93407000 	C:\WINDOWS\SYSTEM32\WINMM.dll
0x00007fffa3560000 - 0x00007fffa356a000 	C:\WINDOWS\SYSTEM32\VERSION.dll
0x00007fff82dc0000 - 0x00007fff82dc9000 	C:\WINDOWS\SYSTEM32\WSOCK32.dll
0x00007fffacc60000 - 0x00007fffacccb000 	C:\WINDOWS\System32\WS2_32.dll
0x00007fffa97b0000 - 0x00007fffa97c2000 	C:\WINDOWS\SYSTEM32\kernel.appcore.dll
0x00007fff9fa00000 - 0x00007fff9fa11000 	C:\Program Files\Android\Android Studio7\jre\bin\verify.dll
0x00007fffa8dc0000 - 0x00007fffa8fa4000 	C:\WINDOWS\SYSTEM32\DBGHELP.DLL
0x00007fffa8310000 - 0x00007fffa833c000 	C:\WINDOWS\SYSTEM32\dbgcore.DLL
0x00007fffab140000 - 0x00007fffab1c2000 	C:\WINDOWS\System32\bcryptPrimitives.dll
0x00007fff9f510000 - 0x00007fff9f539000 	C:\Program Files\Android\Android Studio7\jre\bin\java.dll
0x00007fffa7ff0000 - 0x00007fffa7ffb000 	C:\Program Files\Android\Android Studio7\jre\bin\jimage.dll
0x00007fff9f4f0000 - 0x00007fff9f508000 	C:\Program Files\Android\Android Studio7\jre\bin\zip.dll
0x00007fffac3f0000 - 0x00007fffacb33000 	C:\WINDOWS\System32\SHELL32.dll
0x00007fffa9000000 - 0x00007fffa9795000 	C:\WINDOWS\SYSTEM32\windows.storage.dll
0x00007fffad240000 - 0x00007fffad594000 	C:\WINDOWS\System32\combase.dll
0x00007fffaa8c0000 - 0x00007fffaa8f0000 	C:\WINDOWS\SYSTEM32\Wldp.dll
0x00007fffacd80000 - 0x00007ffface2d000 	C:\WINDOWS\System32\SHCORE.dll
0x00007fffac0f0000 - 0x00007fffac145000 	C:\WINDOWS\System32\shlwapi.dll
0x00007fffaae70000 - 0x00007fffaae8f000 	C:\WINDOWS\SYSTEM32\profapi.dll
0x00007fff9f4d0000 - 0x00007fff9f4ea000 	C:\Program Files\Android\Android Studio7\jre\bin\net.dll
0x00007fffa8030000 - 0x00007fffa813a000 	C:\WINDOWS\SYSTEM32\WINHTTP.dll
0x00007fffaa620000 - 0x00007fffaa68a000 	C:\WINDOWS\system32\mswsock.dll
0x00007fff9f4b0000 - 0x00007fff9f4c4000 	C:\Program Files\Android\Android Studio7\jre\bin\nio.dll
0x00007fff89fb0000 - 0x00007fff89fd7000 	C:\Users\gram17\.gradle\native\e1d6ef7f7dcc3fd88c89a11ec53ec762bb8ba0a96d01ffa2cd45eb1d1d8dd5c5\windows-amd64\native-platform.dll
0x00007fff57c50000 - 0x00007fff57d94000 	C:\Users\gram17\.gradle\native\5664cfc778a61ccfe75a443a1ab52a65af34e5dc3c78e0209fed803814484fcb\windows-amd64\native-platform-file-events.dll
0x00007fffa7f40000 - 0x00007fffa7f4a000 	C:\Program Files\Android\Android Studio7\jre\bin\management.dll
0x00007fffa64e0000 - 0x00007fffa64ed000 	C:\Program Files\Android\Android Studio7\jre\bin\management_ext.dll
0x00007fffaa810000 - 0x00007fffaa828000 	C:\WINDOWS\SYSTEM32\CRYPTSP.dll
0x00007fffa9fa0000 - 0x00007fffa9fd4000 	C:\WINDOWS\system32\rsaenh.dll
0x00007fffab1d0000 - 0x00007fffab1f7000 	C:\WINDOWS\System32\bcrypt.dll
0x00007fffaae30000 - 0x00007fffaae5e000 	C:\WINDOWS\SYSTEM32\USERENV.dll
0x00007fffaa830000 - 0x00007fffaa83c000 	C:\WINDOWS\SYSTEM32\CRYPTBASE.dll
0x00007fffaa310000 - 0x00007fffaa34b000 	C:\WINDOWS\SYSTEM32\IPHLPAPI.DLL
0x00007fffacf10000 - 0x00007fffacf18000 	C:\WINDOWS\System32\NSI.dll
0x00007fffa3030000 - 0x00007fffa3047000 	C:\WINDOWS\SYSTEM32\dhcpcsvc6.DLL
0x00007fffa3010000 - 0x00007fffa302d000 	C:\WINDOWS\SYSTEM32\dhcpcsvc.DLL
0x00007fffaa350000 - 0x00007fffaa41a000 	C:\WINDOWS\SYSTEM32\DNSAPI.dll

dbghelp: loaded successfully - version: 4.0.5 - missing functions: none
symbol engine: initialized successfully - sym options: 0x614 - pdb path: .;C:\Program Files\Android\Android Studio7\jre\bin;C:\WINDOWS\SYSTEM32;C:\WINDOWS\WinSxS\amd64_microsoft.windows.common-controls_6595b64144ccf1df_6.0.19041.1110_none_60b5254171f9507e;C:\Program Files\Android\Android Studio7\jre\bin\server;C:\Users\gram17\.gradle\native\e1d6ef7f7dcc3fd88c89a11ec53ec762bb8ba0a96d01ffa2cd45eb1d1d8dd5c5\windows-amd64;C:\Users\gram17\.gradle\native\5664cfc778a61ccfe75a443a1ab52a65af34e5dc3c78e0209fed803814484fcb\windows-amd64

VM Arguments:
jvm_args: --add-opens=java.base/java.util=ALL-UNNAMED --add-opens=java.base/java.lang=ALL-UNNAMED --add-opens=java.base/java.lang.invoke=ALL-UNNAMED --add-opens=java.base/java.util=ALL-UNNAMED --add-opens=java.prefs/java.util.prefs=ALL-UNNAMED --add-opens=java.prefs/java.util.prefs=ALL-UNNAMED --add-opens=java.base/java.nio.charset=ALL-UNNAMED --add-opens=java.base/java.net=ALL-UNNAMED --add-opens=java.base/java.util.concurrent.atomic=ALL-UNNAMED -Xmx2048m -Dfile.encoding=UTF-8 -Duser.country=KR -Duser.language=ko -Duser.variant 
java_command: org.gradle.launcher.daemon.bootstrap.GradleDaemon 7.3.3
java_class_path (initial): C:\Users\gram17\.gradle\wrapper\dists\gradle-7.3.3-bin\6a41zxkdtcxs8rphpq6y0069z\gradle-7.3.3\lib\gradle-launcher-7.3.3.jar
Launcher Type: SUN_STANDARD

[Global flags]
     intx CICompilerCount                          = 4                                         {product} {ergonomic}
     uint ConcGCThreads                            = 2                                         {product} {ergonomic}
     uint G1ConcRefinementThreads                  = 8                                         {product} {ergonomic}
   size_t G1HeapRegionSize                         = 1048576                                   {product} {ergonomic}
    uintx GCDrainStackTargetSize                   = 64                                        {product} {ergonomic}
   size_t InitialHeapSize                          = 266338304                                 {product} {ergonomic}
   size_t MarkStackSize                            = 4194304                                   {product} {ergonomic}
   size_t MaxHeapSize                              = 2147483648                                {product} {command line}
   size_t MaxNewSize                               = 1287651328                                {product} {ergonomic}
   size_t MinHeapDeltaBytes                        = 1048576                                   {product} {ergonomic}
    uintx NonNMethodCodeHeapSize                   = 5836300                                {pd product} {ergonomic}
    uintx NonProfiledCodeHeapSize                  = 122910970                              {pd product} {ergonomic}
    uintx ProfiledCodeHeapSize                     = 122910970                              {pd product} {ergonomic}
    uintx ReservedCodeCacheSize                    = 251658240                              {pd product} {ergonomic}
     bool SegmentedCodeCache                       = true                                      {product} {ergonomic}
     bool UseCompressedClassPointers               = true                                 {lp64_product} {ergonomic}
     bool UseCompressedOops                        = true                                 {lp64_product} {ergonomic}
     bool UseG1GC                                  = true                                      {product} {ergonomic}
     bool UseLargePagesIndividualAllocation        = false                                  {pd product} {ergonomic}

Logging:
Log output configuration:
 #0: stdout all=warning uptime,level,tags
 #1: stderr all=off uptime,level,tags

Environment Variables:
PATH=C:\Program Files\Common Files\Oracle\Java\javapath;C:\Program Files (x86)\VMware\VMware Player\bin\;C:\Program Files (x86)\Common Files\Oracle\Java\javapath;C:\Program Files (x86)\Intel\Intel(R) Management Engine Components\iCLS\;C:\Program Files\Intel\Intel(R) Management Engine Components\iCLS\;C:\WINDOWS\system32;C:\WINDOWS;C:\WINDOWS\System32\Wbem;C:\WINDOWS\System32\WindowsPowerShell\v1.0\;C:\WINDOWS\System32\OpenSSH\;C:\Program Files (x86)\Intel\Intel(R) Management Engine Components\DAL;C:\Program Files\Intel\Intel(R) Management Engine Components\DAL;C:\Program Files\Microsoft SQL Server\130\Tools\Binn\;C:\Program Files\dotnet\;C:\Program Files\Git\cmd;C:\Program Files\nodejs\;C:\Python310\Scripts\;C:\Python310\;C:\Cadence\SPB_16.6\openaccess\bin\win32\opt;C:\Cadence\SPB_16.6\tools\capture;C:\Cadence\SPB_16.6\tools\pspice;C:\Cadence\SPB_16.6\tools\specctra\bin;C:\Cadence\SPB_16.6\tools\fet\bin;C:\Cadence\SPB_16.6\tools\libutil\bin;C:\Cadence\SPB_16.6\tools\bin;C:\Cadence\SPB_16.6\tools\pcb\bin;C:\Users\gram17\AppData\Local\Microsoft\WindowsApps;C:\Users\gram17\Desktop\Microsoft VS Code\bin;C:\Users\gram17\.dotnet\tools;C:\Users\gram17\AppData\Local\JetBrains\Toolbox\scripts;C:\Users\gram17\AppData\Roaming\npm
USERNAME=gram17
OS=Windows_NT
PROCESSOR_IDENTIFIER=Intel64 Family 6 Model 142 Stepping 11, GenuineIntel



---------------  S Y S T E M  ---------------

OS: Windows 10 , 64 bit Build 19041 (10.0.19041.1889)
OS uptime: 11 days 0:19 hours

CPU:total 8 (initial active 8) (4 cores per cpu, 2 threads per core) family 6 model 142 stepping 11 microcode 0xae, cmov, cx8, fxsr, mmx, sse, sse2, sse3, ssse3, sse4.1, sse4.2, popcnt, avx, avx2, aes, clmul, erms, 3dnowpref, lzcnt, ht, tsc, tscinvbit, bmi1, bmi2, adx, fma

Memory: 4k page, system-wide physical 16178M (521M free)
TotalPageFile size 65330M (AvailPageFile size 2M)
current process WorkingSet (physical memory assigned to process): 259M, peak: 288M
current process commit charge ("private bytes"): 420M, peak: 449M

vm_info: OpenJDK 64-Bit Server VM (11.0.12+7-b1504.28-7817840) for windows-amd64 JRE (11.0.12+7-b1504.28-7817840), built on Oct 13 2021 22:12:33 by "builder" with MS VC++ 14.0 (VS2015)

END.
